[debug] [2024-05-01T12:59:46.453Z] ----------------------------------------------------------------------
[debug] [2024-05-01T12:59:46.456Z] Command:       C:\Program Files\nodejs\node.exe C:\Users\240 g8\AppData\Roaming\npm\node_modules\firebase-tools\lib\bin\firebase.js init
[debug] [2024-05-01T12:59:46.457Z] CLI Version:   13.7.5
[debug] [2024-05-01T12:59:46.457Z] Platform:      win32
[debug] [2024-05-01T12:59:46.458Z] Node Version:  v20.11.0
[debug] [2024-05-01T12:59:46.458Z] Time:          Wed May 01 2024 18:29:46 GMT+0530 (India Standard Time)
[debug] [2024-05-01T12:59:46.458Z] ----------------------------------------------------------------------
[debug] 
[debug] [2024-05-01T12:59:46.466Z] > command requires scopes: ["email","openid","https://www.googleapis.com/auth/cloudplatformprojects.readonly","https://www.googleapis.com/auth/firebase","https://www.googleapis.com/auth/cloud-platform"]
[debug] [2024-05-01T12:59:46.467Z] > authorizing via signed-in user (himanshupra67@gmail.com)
[info] 
     ######## #### ########  ######## ########     ###     ######  ########
     ##        ##  ##     ## ##       ##     ##  ##   ##  ##       ##
     ######    ##  ########  ######   ########  #########  ######  ######
     ##        ##  ##    ##  ##       ##     ## ##     ##       ## ##
     ##       #### ##     ## ######## ########  ##     ##  ######  ########

You're about to initialize a Firebase project in this directory:

  C:\Users\240 g8\Desktop\angular-project\p1\admin-pannel

[info] 
=== Project Setup
[info] 
[info] First, let's associate this project directory with a Firebase project.
[info] You can create multiple project aliases by running firebase use --add, 
[info] but for now we'll just set up a default project.
[info] 
[debug] [2024-05-01T13:00:40.858Z] >>> [apiv2][query] GET https://firebase.googleapis.com/v1beta1/projects pageSize=100
[debug] [2024-05-01T13:00:41.902Z] <<< [apiv2][status] GET https://firebase.googleapis.com/v1beta1/projects 200
[debug] [2024-05-01T13:00:41.903Z] <<< [apiv2][body] GET https://firebase.googleapis.com/v1beta1/projects [omitted]
[info] i  Using project admin-pannel-hp30 (admin-pannel) 
[info] 
=== Hosting Setup
[debug] [2024-05-01T13:01:01.042Z] >>> [apiv2][query] GET https://firebase.googleapis.com/v1beta1/projects/admin-pannel-hp30 [none]
[debug] [2024-05-01T13:01:01.531Z] <<< [apiv2][status] GET https://firebase.googleapis.com/v1beta1/projects/admin-pannel-hp30 200
[debug] [2024-05-01T13:01:01.531Z] <<< [apiv2][body] GET https://firebase.googleapis.com/v1beta1/projects/admin-pannel-hp30 {"projectId":"admin-pannel-hp30","projectNumber":"633136740081","displayName":"admin-pannel","name":"projects/admin-pannel-hp30","resources":{"hostingSite":"admin-pannel-hp30"},"state":"ACTIVE","etag":"1_401c1890-8fb2-404a-ae78-ef1e8cddf5ec"}
[info] 
[info] Your public directory is the folder (relative to your project directory) that
[info] will contain Hosting assets to be uploaded with firebase deploy. If you
[info] have a build process for your assets, use your build's output directory.
[info] 
